<?xml version="1.0" encoding="UTF-8"?>
<testsuites>
  <testsuite name="Unit Tests" tests="6" assertions="9" failures="0" errors="0" time="0.003832">
    <testsuite name="RandomStringTest" file="/Users/christianhammer/Development/RandomString/tests/RandomStringTest.php" tests="6" assertions="9" failures="0" errors="0" time="0.003832">
      <testcase name="testLengthOfRandomString" class="RandomStringTest" file="/Users/christianhammer/Development/RandomString/tests/RandomStringTest.php" line="10" assertions="1" time="0.001595"/>
      <testcase name="testStringWithPreDefinedCharacterPool" class="RandomStringTest" file="/Users/christianhammer/Development/RandomString/tests/RandomStringTest.php" line="20" assertions="1" time="0.000128"/>
      <testcase name="testStringWithPreDefinedCharacterPoolAndExceptCharacters" class="RandomStringTest" file="/Users/christianhammer/Development/RandomString/tests/RandomStringTest.php" line="30" assertions="1" time="0.000136"/>
      <testcase name="testComplexRandomString" class="RandomStringTest" file="/Users/christianhammer/Development/RandomString/tests/RandomStringTest.php" line="40" assertions="2" time="0.001108"/>
      <testcase name="testGetTenRandomStrings" class="RandomStringTest" file="/Users/christianhammer/Development/RandomString/tests/RandomStringTest.php" line="55" assertions="1" time="0.000629"/>
      <testcase name="testGetThreeRandomStringsWithLengthOfFive" class="RandomStringTest" file="/Users/christianhammer/Development/RandomString/tests/RandomStringTest.php" line="65" assertions="3" time="0.000236"/>
    </testsuite>
  </testsuite>
</testsuites>
